<?xml version="1.0" encoding="UTF-8"?>
<!-- Generated by org.testng.reporters.JUnitReportReporter -->
<testsuite hostname="VICMELBLP138" name="TestRunner" tests="1" failures="0" timestamp="16 Mar 2018 05:19:56 GMT" time="0.163" errors="0">
  <testcase name="feature" time="0.163" classname="TestRunner"/>
</testsuite> <!-- TestRunner -->
